# JRE version: Java(TM) SE Runtime Environment (8.0_171-b11) (build 1.8.0_171-b11)
# Java VM: Java HotSpot(TM) 64-Bit Server VM (25.171-b11 mixed mode windows-amd64 compressed oops)
Heap:
 PSYoungGen      total 27648K, used 24628K [0x00000000edb00000, 0x00000000efa80000, 0x0000000100000000)
  eden space 25600K, 95% used [0x00000000edb00000,0x00000000ef2fd268,0x00000000ef400000)
  from space 2048K, 3% used [0x00000000ef680000,0x00000000ef690000,0x00000000ef880000)
  to   space 2048K, 0% used [0x00000000ef880000,0x00000000ef880000,0x00000000efa80000)
 ParOldGen       total 82432K, used 44936K [0x00000000c9000000, 0x00000000ce080000, 0x00000000edb00000)
  object space 82432K, 54% used [0x00000000c9000000,0x00000000cbbe2250,0x00000000ce080000)
 Metaspace       used 12931K, capacity 13220K, committed 13312K, reserved 1060864K
  class space    used 1680K, capacity 1756K, committed 1792K, reserved 1048576K
GC Heap History (8 events):
Event: 0.690 GC heap before
{Heap before GC invocations=1 (full 0):
 PSYoungGen      total 16896K, used 14848K [0x00000000edb00000, 0x00000000eed80000, 0x0000000100000000)
  eden space 14848K, 100% used [0x00000000edb00000,0x00000000ee980000,0x00000000ee980000)
  from space 2048K, 0% used [0x00000000eeb80000,0x00000000eeb80000,0x00000000eed80000)
  to   space 2048K, 0% used [0x00000000ee980000,0x00000000ee980000,0x00000000eeb80000)
 ParOldGen       total 38400K, used 34225K [0x00000000c9000000, 0x00000000cb580000, 0x00000000edb00000)
  object space 38400K, 89% used [0x00000000c9000000,0x00000000cb16c410,0x00000000cb580000)
 Metaspace       used 7400K, capacity 7576K, committed 7680K, reserved 1056768K
  class space    used 900K, capacity 968K, committed 1024K, reserved 1048576K
Event: 0.702 GC heap after
Heap after GC invocations=1 (full 0):
 PSYoungGen      total 16896K, used 1264K [0x00000000edb00000, 0x00000000efc00000, 0x0000000100000000)
  eden space 14848K, 0% used [0x00000000edb00000,0x00000000edb00000,0x00000000ee980000)
  from space 2048K, 61% used [0x00000000ee980000,0x00000000eeabc010,0x00000000eeb80000)
  to   space 2048K, 0% used [0x00000000efa00000,0x00000000efa00000,0x00000000efc00000)
 ParOldGen       total 48128K, used 43755K [0x00000000c9000000, 0x00000000cbf00000, 0x00000000edb00000)
  object space 48128K, 90% used [0x00000000c9000000,0x00000000cbabac70,0x00000000cbf00000)
 Metaspace       used 7400K, capacity 7576K, committed 7680K, reserved 1056768K
  class space    used 900K, capacity 968K, committed 1024K, reserved 1048576K
}
Event: 0.702 GC heap before
{Heap before GC invocations=2 (full 1):
 PSYoungGen      total 16896K, used 1264K [0x00000000edb00000, 0x00000000efc00000, 0x0000000100000000)
  eden space 14848K, 0% used [0x00000000edb00000,0x00000000edb00000,0x00000000ee980000)
  from space 2048K, 61% used [0x00000000ee980000,0x00000000eeabc010,0x00000000eeb80000)
  to   space 2048K, 0% used [0x00000000efa00000,0x00000000efa00000,0x00000000efc00000)
 ParOldGen       total 48128K, used 43755K [0x00000000c9000000, 0x00000000cbf00000, 0x00000000edb00000)
  object space 48128K, 90% used [0x00000000c9000000,0x00000000cbabac70,0x00000000cbf00000)
 Metaspace       used 7400K, capacity 7576K, committed 7680K, reserved 1056768K
  class space    used 900K, capacity 968K, committed 1024K, reserved 1048576K
Event: 0.718 GC heap after
Heap after GC invocations=2 (full 1):
 PSYoungGen      total 16896K, used 0K [0x00000000edb00000, 0x00000000efc00000, 0x0000000100000000)
  eden space 14848K, 0% used [0x00000000edb00000,0x00000000edb00000,0x00000000ee980000)
  from space 2048K, 0% used [0x00000000ee980000,0x00000000ee980000,0x00000000eeb80000)
  to   space 2048K, 0% used [0x00000000efa00000,0x00000000efa00000,0x00000000efc00000)
 ParOldGen       total 82432K, used 44928K [0x00000000c9000000, 0x00000000ce080000, 0x00000000edb00000)
  object space 82432K, 54% used [0x00000000c9000000,0x00000000cbbe0250,0x00000000ce080000)
 Metaspace       used 7400K, capacity 7576K, committed 7680K, reserved 1056768K
  class space    used 900K, capacity 968K, committed 1024K, reserved 1048576K
}
Event: 0.903 GC heap before
{Heap before GC invocations=3 (full 1):
 PSYoungGen      total 16896K, used 14848K [0x00000000edb00000, 0x00000000efc00000, 0x0000000100000000)
  eden space 14848K, 100% used [0x00000000edb00000,0x00000000ee980000,0x00000000ee980000)
  from space 2048K, 0% used [0x00000000ee980000,0x00000000ee980000,0x00000000eeb80000)
  to   space 2048K, 0% used [0x00000000efa00000,0x00000000efa00000,0x00000000efc00000)
 ParOldGen       total 82432K, used 44928K [0x00000000c9000000, 0x00000000ce080000, 0x00000000edb00000)
  object space 82432K, 54% used [0x00000000c9000000,0x00000000cbbe0250,0x00000000ce080000)
 Metaspace       used 7413K, capacity 7648K, committed 7936K, reserved 1056768K
  class space    used 900K, capacity 968K, committed 1024K, reserved 1048576K
Event: 0.904 GC heap after
Heap after GC invocations=3 (full 1):
 PSYoungGen      total 20480K, used 32K [0x00000000edb00000, 0x00000000efa80000, 0x0000000100000000)
  eden space 19968K, 0% used [0x00000000edb00000,0x00000000edb00000,0x00000000eee80000)
  from space 512K, 6% used [0x00000000efa00000,0x00000000efa08000,0x00000000efa80000)
  to   space 2048K, 0% used [0x00000000ef680000,0x00000000ef680000,0x00000000ef880000)
 ParOldGen       total 82432K, used 44936K [0x00000000c9000000, 0x00000000ce080000, 0x00000000edb00000)
  object space 82432K, 54% used [0x00000000c9000000,0x00000000cbbe2250,0x00000000ce080000)
 Metaspace       used 7413K, capacity 7648K, committed 7936K, reserved 1056768K
  class space    used 900K, capacity 968K, committed 1024K, reserved 1048576K
}
Event: 1.111 GC heap before
{Heap before GC invocations=4 (full 1):
 PSYoungGen      total 20480K, used 20000K [0x00000000edb00000, 0x00000000efa80000, 0x0000000100000000)
  eden space 19968K, 100% used [0x00000000edb00000,0x00000000eee80000,0x00000000eee80000)
  from space 512K, 6% used [0x00000000efa00000,0x00000000efa08000,0x00000000efa80000)
  to   space 2048K, 0% used [0x00000000ef680000,0x00000000ef680000,0x00000000ef880000)
 ParOldGen       total 82432K, used 44936K [0x00000000c9000000, 0x00000000ce080000, 0x00000000edb00000)
  object space 82432K, 54% used [0x00000000c9000000,0x00000000cbbe2250,0x00000000ce080000)
 Metaspace       used 7533K, capacity 7744K, committed 7936K, reserved 1056768K
  class space    used 916K, capacity 1000K, committed 1024K, reserved 1048576K
Event: 1.112 GC heap after
Heap after GC invocations=4 (full 1):
 PSYoungGen      total 27648K, used 64K [0x00000000edb00000, 0x00000000efa80000, 0x0000000100000000)
  eden space 25600K, 0% used [0x00000000edb00000,0x00000000edb00000,0x00000000ef400000)
  from space 2048K, 3% used [0x00000000ef680000,0x00000000ef690000,0x00000000ef880000)
  to   space 2048K, 0% used [0x00000000ef880000,0x00000000ef880000,0x00000000efa80000)
 ParOldGen       total 82432K, used 44936K [0x00000000c9000000, 0x00000000ce080000, 0x00000000edb00000)
  object space 82432K, 54% used [0x00000000c9000000,0x00000000cbbe2250,0x00000000ce080000)
 Metaspace       used 7533K, capacity 7744K, committed 7936K, reserved 1056768K
  class space    used 916K, capacity 1000K, committed 1024K, reserved 1048576K
}

