# JRE version: Java(TM) SE Runtime Environment (8.0_171-b11) (build 1.8.0_171-b11)
# Java VM: Java HotSpot(TM) 64-Bit Server VM (25.171-b11 mixed mode windows-amd64 compressed oops)
Heap:
 PSYoungGen      total 26112K, used 5316K [0x00000000edb00000, 0x00000000efa80000, 0x0000000100000000)
  eden space 24064K, 21% used [0x00000000edb00000,0x00000000ee021108,0x00000000ef280000)
  from space 2048K, 3% used [0x00000000ef680000,0x00000000ef690000,0x00000000ef880000)
  to   space 2048K, 0% used [0x00000000ef880000,0x00000000ef880000,0x00000000efa80000)
 ParOldGen       total 82944K, used 44936K [0x00000000c9000000, 0x00000000ce100000, 0x00000000edb00000)
  object space 82944K, 54% used [0x00000000c9000000,0x00000000cbbe2308,0x00000000ce100000)
 Metaspace       used 10219K, capacity 10490K, committed 10624K, reserved 1062912K
  class space    used 1272K, capacity 1359K, committed 1408K, reserved 1048576K
GC Heap History (8 events):
Event: 2.450 GC heap before
{Heap before GC invocations=1 (full 0):
 PSYoungGen      total 16896K, used 14838K [0x00000000edb00000, 0x00000000eed80000, 0x0000000100000000)
  eden space 14848K, 99% used [0x00000000edb00000,0x00000000ee97da88,0x00000000ee980000)
  from space 2048K, 0% used [0x00000000eeb80000,0x00000000eeb80000,0x00000000eed80000)
  to   space 2048K, 0% used [0x00000000ee980000,0x00000000ee980000,0x00000000eeb80000)
 ParOldGen       total 38400K, used 34225K [0x00000000c9000000, 0x00000000cb580000, 0x00000000edb00000)
  object space 38400K, 89% used [0x00000000c9000000,0x00000000cb16c410,0x00000000cb580000)
 Metaspace       used 7412K, capacity 7636K, committed 7936K, reserved 1056768K
  class space    used 900K, capacity 968K, committed 1024K, reserved 1048576K
Event: 2.474 GC heap after
Heap after GC invocations=1 (full 0):
 PSYoungGen      total 16896K, used 1232K [0x00000000edb00000, 0x00000000efc00000, 0x0000000100000000)
  eden space 14848K, 0% used [0x00000000edb00000,0x00000000edb00000,0x00000000ee980000)
  from space 2048K, 60% used [0x00000000ee980000,0x00000000eeab4010,0x00000000eeb80000)
  to   space 2048K, 0% used [0x00000000efa00000,0x00000000efa00000,0x00000000efc00000)
 ParOldGen       total 48128K, used 43763K [0x00000000c9000000, 0x00000000cbf00000, 0x00000000edb00000)
  object space 48128K, 90% used [0x00000000c9000000,0x00000000cbabcc70,0x00000000cbf00000)
 Metaspace       used 7412K, capacity 7636K, committed 7936K, reserved 1056768K
  class space    used 900K, capacity 968K, committed 1024K, reserved 1048576K
}
Event: 2.474 GC heap before
{Heap before GC invocations=2 (full 1):
 PSYoungGen      total 16896K, used 1232K [0x00000000edb00000, 0x00000000efc00000, 0x0000000100000000)
  eden space 14848K, 0% used [0x00000000edb00000,0x00000000edb00000,0x00000000ee980000)
  from space 2048K, 60% used [0x00000000ee980000,0x00000000eeab4010,0x00000000eeb80000)
  to   space 2048K, 0% used [0x00000000efa00000,0x00000000efa00000,0x00000000efc00000)
 ParOldGen       total 48128K, used 43763K [0x00000000c9000000, 0x00000000cbf00000, 0x00000000edb00000)
  object space 48128K, 90% used [0x00000000c9000000,0x00000000cbabcc70,0x00000000cbf00000)
 Metaspace       used 7412K, capacity 7636K, committed 7936K, reserved 1056768K
  class space    used 900K, capacity 968K, committed 1024K, reserved 1048576K
Event: 2.513 GC heap after
Heap after GC invocations=2 (full 1):
 PSYoungGen      total 16896K, used 0K [0x00000000edb00000, 0x00000000efc00000, 0x0000000100000000)
  eden space 14848K, 0% used [0x00000000edb00000,0x00000000edb00000,0x00000000ee980000)
  from space 2048K, 0% used [0x00000000ee980000,0x00000000ee980000,0x00000000eeb80000)
  to   space 2048K, 0% used [0x00000000efa00000,0x00000000efa00000,0x00000000efc00000)
 ParOldGen       total 82944K, used 44928K [0x00000000c9000000, 0x00000000ce100000, 0x00000000edb00000)
  object space 82944K, 54% used [0x00000000c9000000,0x00000000cbbe0308,0x00000000ce100000)
 Metaspace       used 7412K, capacity 7636K, committed 7936K, reserved 1056768K
  class space    used 900K, capacity 968K, committed 1024K, reserved 1048576K
}
Event: 2.944 GC heap before
{Heap before GC invocations=3 (full 1):
 PSYoungGen      total 16896K, used 14848K [0x00000000edb00000, 0x00000000efc00000, 0x0000000100000000)
  eden space 14848K, 100% used [0x00000000edb00000,0x00000000ee980000,0x00000000ee980000)
  from space 2048K, 0% used [0x00000000ee980000,0x00000000ee980000,0x00000000eeb80000)
  to   space 2048K, 0% used [0x00000000efa00000,0x00000000efa00000,0x00000000efc00000)
 ParOldGen       total 82944K, used 44928K [0x00000000c9000000, 0x00000000ce100000, 0x00000000edb00000)
  object space 82944K, 54% used [0x00000000c9000000,0x00000000cbbe0308,0x00000000ce100000)
 Metaspace       used 7429K, capacity 7644K, committed 7936K, reserved 1056768K
  class space    used 900K, capacity 968K, committed 1024K, reserved 1048576K
Event: 2.946 GC heap after
Heap after GC invocations=3 (full 1):
 PSYoungGen      total 19456K, used 32K [0x00000000edb00000, 0x00000000efa80000, 0x0000000100000000)
  eden space 18944K, 0% used [0x00000000edb00000,0x00000000edb00000,0x00000000eed80000)
  from space 512K, 6% used [0x00000000efa00000,0x00000000efa08000,0x00000000efa80000)
  to   space 2048K, 0% used [0x00000000ef680000,0x00000000ef680000,0x00000000ef880000)
 ParOldGen       total 82944K, used 44936K [0x00000000c9000000, 0x00000000ce100000, 0x00000000edb00000)
  object space 82944K, 54% used [0x00000000c9000000,0x00000000cbbe2308,0x00000000ce100000)
 Metaspace       used 7429K, capacity 7644K, committed 7936K, reserved 1056768K
  class space    used 900K, capacity 968K, committed 1024K, reserved 1048576K
}
Event: 3.399 GC heap before
{Heap before GC invocations=4 (full 1):
 PSYoungGen      total 19456K, used 18976K [0x00000000edb00000, 0x00000000efa80000, 0x0000000100000000)
  eden space 18944K, 100% used [0x00000000edb00000,0x00000000eed80000,0x00000000eed80000)
  from space 512K, 6% used [0x00000000efa00000,0x00000000efa08000,0x00000000efa80000)
  to   space 2048K, 0% used [0x00000000ef680000,0x00000000ef680000,0x00000000ef880000)
 ParOldGen       total 82944K, used 44936K [0x00000000c9000000, 0x00000000ce100000, 0x00000000edb00000)
  object space 82944K, 54% used [0x00000000c9000000,0x00000000cbbe2308,0x00000000ce100000)
 Metaspace       used 7445K, capacity 7676K, committed 7936K, reserved 1056768K
  class space    used 905K, capacity 1000K, committed 1024K, reserved 1048576K
Event: 3.401 GC heap after
Heap after GC invocations=4 (full 1):
 PSYoungGen      total 26112K, used 64K [0x00000000edb00000, 0x00000000efa80000, 0x0000000100000000)
  eden space 24064K, 0% used [0x00000000edb00000,0x00000000edb00000,0x00000000ef280000)
  from space 2048K, 3% used [0x00000000ef680000,0x00000000ef690000,0x00000000ef880000)
  to   space 2048K, 0% used [0x00000000ef880000,0x00000000ef880000,0x00000000efa80000)
 ParOldGen       total 82944K, used 44936K [0x00000000c9000000, 0x00000000ce100000, 0x00000000edb00000)
  object space 82944K, 54% used [0x00000000c9000000,0x00000000cbbe2308,0x00000000ce100000)
 Metaspace       used 7445K, capacity 7676K, committed 7936K, reserved 1056768K
  class space    used 905K, capacity 1000K, committed 1024K, reserved 1048576K
}

