# JRE version: Java(TM) SE Runtime Environment (8.0_171-b11) (build 1.8.0_171-b11)
# Java VM: Java HotSpot(TM) 64-Bit Server VM (25.171-b11 mixed mode windows-amd64 compressed oops)
Heap:
 PSYoungGen      total 16896K, used 10255K [0x00000000edb00000, 0x00000000ef800000, 0x0000000100000000)
  eden space 14848K, 66% used [0x00000000edb00000,0x00000000ee4b3e60,0x00000000ee980000)
  from space 2048K, 15% used [0x00000000ee980000,0x00000000ee9d0000,0x00000000eeb80000)
  to   space 2048K, 0% used [0x00000000ef600000,0x00000000ef600000,0x00000000ef800000)
 ParOldGen       total 82944K, used 44937K [0x00000000c9000000, 0x00000000ce100000, 0x00000000edb00000)
  object space 82944K, 54% used [0x00000000c9000000,0x00000000cbbe2498,0x00000000ce100000)
 Metaspace       used 12071K, capacity 12342K, committed 12416K, reserved 1060864K
  class space    used 1592K, capacity 1655K, committed 1664K, reserved 1048576K
GC Heap History (8 events):
Event: 4.962 GC heap before
{Heap before GC invocations=1 (full 0):
 PSYoungGen      total 16896K, used 14848K [0x00000000edb00000, 0x00000000eed80000, 0x0000000100000000)
  eden space 14848K, 100% used [0x00000000edb00000,0x00000000ee980000,0x00000000ee980000)
  from space 2048K, 0% used [0x00000000eeb80000,0x00000000eeb80000,0x00000000eed80000)
  to   space 2048K, 0% used [0x00000000ee980000,0x00000000ee980000,0x00000000eeb80000)
 ParOldGen       total 38400K, used 34225K [0x00000000c9000000, 0x00000000cb580000, 0x00000000edb00000)
  object space 38400K, 89% used [0x00000000c9000000,0x00000000cb16c410,0x00000000cb580000)
 Metaspace       used 7434K, capacity 7640K, committed 7936K, reserved 1056768K
  class space    used 902K, capacity 968K, committed 1024K, reserved 1048576K
Event: 4.985 GC heap after
Heap after GC invocations=1 (full 0):
 PSYoungGen      total 16896K, used 1264K [0x00000000edb00000, 0x00000000eed80000, 0x0000000100000000)
  eden space 14848K, 0% used [0x00000000edb00000,0x00000000edb00000,0x00000000ee980000)
  from space 2048K, 61% used [0x00000000ee980000,0x00000000eeabc010,0x00000000eeb80000)
  to   space 2048K, 0% used [0x00000000eeb80000,0x00000000eeb80000,0x00000000eed80000)
 ParOldGen       total 48128K, used 43755K [0x00000000c9000000, 0x00000000cbf00000, 0x00000000edb00000)
  object space 48128K, 90% used [0x00000000c9000000,0x00000000cbabac70,0x00000000cbf00000)
 Metaspace       used 7434K, capacity 7640K, committed 7936K, reserved 1056768K
  class space    used 902K, capacity 968K, committed 1024K, reserved 1048576K
}
Event: 4.985 GC heap before
{Heap before GC invocations=2 (full 1):
 PSYoungGen      total 16896K, used 1264K [0x00000000edb00000, 0x00000000eed80000, 0x0000000100000000)
  eden space 14848K, 0% used [0x00000000edb00000,0x00000000edb00000,0x00000000ee980000)
  from space 2048K, 61% used [0x00000000ee980000,0x00000000eeabc010,0x00000000eeb80000)
  to   space 2048K, 0% used [0x00000000eeb80000,0x00000000eeb80000,0x00000000eed80000)
 ParOldGen       total 48128K, used 43755K [0x00000000c9000000, 0x00000000cbf00000, 0x00000000edb00000)
  object space 48128K, 90% used [0x00000000c9000000,0x00000000cbabac70,0x00000000cbf00000)
 Metaspace       used 7434K, capacity 7640K, committed 7936K, reserved 1056768K
  class space    used 902K, capacity 968K, committed 1024K, reserved 1048576K
Event: 5.022 GC heap after
Heap after GC invocations=2 (full 1):
 PSYoungGen      total 16896K, used 0K [0x00000000edb00000, 0x00000000eed80000, 0x0000000100000000)
  eden space 14848K, 0% used [0x00000000edb00000,0x00000000edb00000,0x00000000ee980000)
  from space 2048K, 0% used [0x00000000ee980000,0x00000000ee980000,0x00000000eeb80000)
  to   space 2048K, 0% used [0x00000000eeb80000,0x00000000eeb80000,0x00000000eed80000)
 ParOldGen       total 82944K, used 44929K [0x00000000c9000000, 0x00000000ce100000, 0x00000000edb00000)
  object space 82944K, 54% used [0x00000000c9000000,0x00000000cbbe0498,0x00000000ce100000)
 Metaspace       used 7434K, capacity 7640K, committed 7936K, reserved 1056768K
  class space    used 902K, capacity 968K, committed 1024K, reserved 1048576K
}
Event: 5.330 GC heap before
{Heap before GC invocations=3 (full 1):
 PSYoungGen      total 16896K, used 14848K [0x00000000edb00000, 0x00000000eed80000, 0x0000000100000000)
  eden space 14848K, 100% used [0x00000000edb00000,0x00000000ee980000,0x00000000ee980000)
  from space 2048K, 0% used [0x00000000ee980000,0x00000000ee980000,0x00000000eeb80000)
  to   space 2048K, 0% used [0x00000000eeb80000,0x00000000eeb80000,0x00000000eed80000)
 ParOldGen       total 82944K, used 44929K [0x00000000c9000000, 0x00000000ce100000, 0x00000000edb00000)
  object space 82944K, 54% used [0x00000000c9000000,0x00000000cbbe0498,0x00000000ce100000)
 Metaspace       used 8302K, capacity 8588K, committed 8832K, reserved 1056768K
  class space    used 999K, capacity 1068K, committed 1152K, reserved 1048576K
Event: 5.335 GC heap after
Heap after GC invocations=3 (full 1):
 PSYoungGen      total 16896K, used 352K [0x00000000edb00000, 0x00000000ef600000, 0x0000000100000000)
  eden space 14848K, 0% used [0x00000000edb00000,0x00000000edb00000,0x00000000ee980000)
  from space 2048K, 17% used [0x00000000eeb80000,0x00000000eebd8000,0x00000000eed80000)
  to   space 2048K, 0% used [0x00000000ee980000,0x00000000ee980000,0x00000000eeb80000)
 ParOldGen       total 82944K, used 44937K [0x00000000c9000000, 0x00000000ce100000, 0x00000000edb00000)
  object space 82944K, 54% used [0x00000000c9000000,0x00000000cbbe2498,0x00000000ce100000)
 Metaspace       used 8302K, capacity 8588K, committed 8832K, reserved 1056768K
  class space    used 999K, capacity 1068K, committed 1152K, reserved 1048576K
}
Event: 5.611 GC heap before
{Heap before GC invocations=4 (full 1):
 PSYoungGen      total 16896K, used 15200K [0x00000000edb00000, 0x00000000ef600000, 0x0000000100000000)
  eden space 14848K, 100% used [0x00000000edb00000,0x00000000ee980000,0x00000000ee980000)
  from space 2048K, 17% used [0x00000000eeb80000,0x00000000eebd8000,0x00000000eed80000)
  to   space 2048K, 0% used [0x00000000ee980000,0x00000000ee980000,0x00000000eeb80000)
 ParOldGen       total 82944K, used 44937K [0x00000000c9000000, 0x00000000ce100000, 0x00000000edb00000)
  object space 82944K, 54% used [0x00000000c9000000,0x00000000cbbe2498,0x00000000ce100000)
 Metaspace       used 8302K, capacity 8588K, committed 8832K, reserved 1056768K
  class space    used 999K, capacity 1068K, committed 1152K, reserved 1048576K
Event: 5.619 GC heap after
Heap after GC invocations=4 (full 1):
 PSYoungGen      total 16896K, used 320K [0x00000000edb00000, 0x00000000ef800000, 0x0000000100000000)
  eden space 14848K, 0% used [0x00000000edb00000,0x00000000edb00000,0x00000000ee980000)
  from space 2048K, 15% used [0x00000000ee980000,0x00000000ee9d0000,0x00000000eeb80000)
  to   space 2048K, 0% used [0x00000000ef600000,0x00000000ef600000,0x00000000ef800000)
 ParOldGen       total 82944K, used 44937K [0x00000000c9000000, 0x00000000ce100000, 0x00000000edb00000)
  object space 82944K, 54% used [0x00000000c9000000,0x00000000cbbe2498,0x00000000ce100000)
 Metaspace       used 8302K, capacity 8588K, committed 8832K, reserved 1056768K
  class space    used 999K, capacity 1068K, committed 1152K, reserved 1048576K
}

